Analysis & Synthesis report for RingBuffer
Sun Jun 18 13:24:25 2023
Quartus Prime Version 19.1.0 Build 670 09/22/2019 SJ Lite Edition


---------------------
; Table of Contents ;
---------------------
  1. Legal Notice
  2. Analysis & Synthesis Summary
  3. Analysis & Synthesis Settings
  4. Parallel Compilation
  5. Analysis & Synthesis Source Files Read
  6. Analysis & Synthesis Resource Usage Summary
  7. Analysis & Synthesis Resource Utilization by Entity
  8. State Machine - |ringBuffer|RingBufferControl:URingBufferControl|CurrentState
  9. User-Specified and Inferred Latches
 10. General Register Statistics
 11. Parameter Settings for User Entity Instance: RAM:Uram
 12. Port Connectivity Checks: "memoryAdressControl:UmemoryAdressControl|Contador:UIDXGET|FFD:FF2"
 13. Port Connectivity Checks: "memoryAdressControl:UmemoryAdressControl|Contador:UIDXGET|FFD:FF1"
 14. Port Connectivity Checks: "memoryAdressControl:UmemoryAdressControl|Contador:UIDXGET|FFD:FF0"
 15. Port Connectivity Checks: "memoryAdressControl:UmemoryAdressControl|AddSub3:UAddSub3|Adder3:UAdder3|FA:FA3"
 16. Port Connectivity Checks: "memoryAdressControl:UmemoryAdressControl|AddSub3:UAddSub3"
 17. Port Connectivity Checks: "memoryAdressControl:UmemoryAdressControl|Registo3:URegisto3|FFD:U3FFD"
 18. Port Connectivity Checks: "memoryAdressControl:UmemoryAdressControl|Registo3:URegisto3|FFD:U2FFD"
 19. Port Connectivity Checks: "memoryAdressControl:UmemoryAdressControl|Registo3:URegisto3|FFD:U1FFD"
 20. Port Connectivity Checks: "memoryAdressControl:UmemoryAdressControl|Registo3:URegisto3|FFD:U0FFD"
 21. Post-Synthesis Netlist Statistics for Top Partition
 22. Elapsed Time Per Partition
 23. Analysis & Synthesis Messages



----------------
; Legal Notice ;
----------------
Copyright (C) 2019  Intel Corporation. All rights reserved.
Your use of Intel Corporation's design tools, logic functions 
and other software and tools, and any partner logic 
functions, and any output files from any of the foregoing 
(including device programming or simulation files), and any 
associated documentation or information are expressly subject 
to the terms and conditions of the Intel Program License 
Subscription Agreement, the Intel Quartus Prime License Agreement,
the Intel FPGA IP License Agreement, or other applicable license
agreement, including, without limitation, that your use is for
the sole purpose of programming logic devices manufactured by
Intel and sold by Intel or its authorized distributors.  Please
refer to the applicable agreement for further details, at
https://fpgasoftware.intel.com/eula.



+----------------------------------------------------------------------------------+
; Analysis & Synthesis Summary                                                     ;
+------------------------------------+---------------------------------------------+
; Analysis & Synthesis Status        ; Successful - Sun Jun 18 13:24:25 2023       ;
; Quartus Prime Version              ; 19.1.0 Build 670 09/22/2019 SJ Lite Edition ;
; Revision Name                      ; RingBuffer                                  ;
; Top-level Entity Name              ; ringBuffer                                  ;
; Family                             ; MAX 10                                      ;
; Total logic elements               ; 86                                          ;
;     Total combinational functions  ; 85                                          ;
;     Dedicated logic registers      ; 18                                          ;
; Total registers                    ; 18                                          ;
; Total pins                         ; 14                                          ;
; Total virtual pins                 ; 0                                           ;
; Total memory bits                  ; 0                                           ;
; Embedded Multiplier 9-bit elements ; 0                                           ;
; Total PLLs                         ; 0                                           ;
; UFM blocks                         ; 0                                           ;
; ADC blocks                         ; 0                                           ;
+------------------------------------+---------------------------------------------+


+------------------------------------------------------------------------------------------------------------+
; Analysis & Synthesis Settings                                                                              ;
+------------------------------------------------------------------+--------------------+--------------------+
; Option                                                           ; Setting            ; Default Value      ;
+------------------------------------------------------------------+--------------------+--------------------+
; Device                                                           ; 10M50DAF484C6GES   ;                    ;
; Top-level entity name                                            ; RingBuffer         ; RingBuffer         ;
; Family name                                                      ; MAX 10             ; Cyclone V          ;
; Use smart compilation                                            ; Off                ; Off                ;
; Enable parallel Assembler and Timing Analyzer during compilation ; On                 ; On                 ;
; Enable compact report table                                      ; Off                ; Off                ;
; Restructure Multiplexers                                         ; Auto               ; Auto               ;
; Create Debugging Nodes for IP Cores                              ; Off                ; Off                ;
; Preserve fewer node names                                        ; On                 ; On                 ;
; Intel FPGA IP Evaluation Mode                                    ; Enable             ; Enable             ;
; Verilog Version                                                  ; Verilog_2001       ; Verilog_2001       ;
; VHDL Version                                                     ; VHDL_1993          ; VHDL_1993          ;
; State Machine Processing                                         ; Auto               ; Auto               ;
; Safe State Machine                                               ; Off                ; Off                ;
; Extract Verilog State Machines                                   ; On                 ; On                 ;
; Extract VHDL State Machines                                      ; On                 ; On                 ;
; Ignore Verilog initial constructs                                ; Off                ; Off                ;
; Iteration limit for constant Verilog loops                       ; 5000               ; 5000               ;
; Iteration limit for non-constant Verilog loops                   ; 250                ; 250                ;
; Add Pass-Through Logic to Inferred RAMs                          ; On                 ; On                 ;
; Infer RAMs from Raw Logic                                        ; On                 ; On                 ;
; Parallel Synthesis                                               ; On                 ; On                 ;
; DSP Block Balancing                                              ; Auto               ; Auto               ;
; NOT Gate Push-Back                                               ; On                 ; On                 ;
; Power-Up Don't Care                                              ; On                 ; On                 ;
; Remove Redundant Logic Cells                                     ; Off                ; Off                ;
; Remove Duplicate Registers                                       ; On                 ; On                 ;
; Ignore CARRY Buffers                                             ; Off                ; Off                ;
; Ignore CASCADE Buffers                                           ; Off                ; Off                ;
; Ignore GLOBAL Buffers                                            ; Off                ; Off                ;
; Ignore ROW GLOBAL Buffers                                        ; Off                ; Off                ;
; Ignore LCELL Buffers                                             ; Off                ; Off                ;
; Ignore SOFT Buffers                                              ; On                 ; On                 ;
; Limit AHDL Integers to 32 Bits                                   ; Off                ; Off                ;
; Optimization Technique                                           ; Balanced           ; Balanced           ;
; Carry Chain Length                                               ; 70                 ; 70                 ;
; Auto Carry Chains                                                ; On                 ; On                 ;
; Auto Open-Drain Pins                                             ; On                 ; On                 ;
; Perform WYSIWYG Primitive Resynthesis                            ; Off                ; Off                ;
; Auto ROM Replacement                                             ; On                 ; On                 ;
; Auto RAM Replacement                                             ; On                 ; On                 ;
; Auto DSP Block Replacement                                       ; On                 ; On                 ;
; Auto Shift Register Replacement                                  ; Auto               ; Auto               ;
; Allow Shift Register Merging across Hierarchies                  ; Auto               ; Auto               ;
; Auto Clock Enable Replacement                                    ; On                 ; On                 ;
; Strict RAM Replacement                                           ; Off                ; Off                ;
; Allow Synchronous Control Signals                                ; On                 ; On                 ;
; Force Use of Synchronous Clear Signals                           ; Off                ; Off                ;
; Auto RAM Block Balancing                                         ; On                 ; On                 ;
; Auto RAM to Logic Cell Conversion                                ; Off                ; Off                ;
; Auto Resource Sharing                                            ; Off                ; Off                ;
; Allow Any RAM Size For Recognition                               ; Off                ; Off                ;
; Allow Any ROM Size For Recognition                               ; Off                ; Off                ;
; Allow Any Shift Register Size For Recognition                    ; Off                ; Off                ;
; Use LogicLock Constraints during Resource Balancing              ; On                 ; On                 ;
; Ignore translate_off and synthesis_off directives                ; Off                ; Off                ;
; Timing-Driven Synthesis                                          ; On                 ; On                 ;
; Report Parameter Settings                                        ; On                 ; On                 ;
; Report Source Assignments                                        ; On                 ; On                 ;
; Report Connectivity Checks                                       ; On                 ; On                 ;
; Ignore Maximum Fan-Out Assignments                               ; Off                ; Off                ;
; Synchronization Register Chain Length                            ; 2                  ; 2                  ;
; Power Optimization During Synthesis                              ; Normal compilation ; Normal compilation ;
; HDL message level                                                ; Level2             ; Level2             ;
; Suppress Register Optimization Related Messages                  ; Off                ; Off                ;
; Number of Removed Registers Reported in Synthesis Report         ; 5000               ; 5000               ;
; Number of Swept Nodes Reported in Synthesis Report               ; 5000               ; 5000               ;
; Number of Inverted Registers Reported in Synthesis Report        ; 100                ; 100                ;
; Clock MUX Protection                                             ; On                 ; On                 ;
; Auto Gated Clock Conversion                                      ; Off                ; Off                ;
; Block Design Naming                                              ; Auto               ; Auto               ;
; SDC constraint protection                                        ; Off                ; Off                ;
; Synthesis Effort                                                 ; Auto               ; Auto               ;
; Shift Register Replacement - Allow Asynchronous Clear Signal     ; On                 ; On                 ;
; Pre-Mapping Resynthesis Optimization                             ; Off                ; Off                ;
; Analysis & Synthesis Message Level                               ; Medium             ; Medium             ;
; Disable Register Merging Across Hierarchies                      ; Auto               ; Auto               ;
; Resource Aware Inference For Block RAM                           ; On                 ; On                 ;
+------------------------------------------------------------------+--------------------+--------------------+


+------------------------------------------+
; Parallel Compilation                     ;
+----------------------------+-------------+
; Processors                 ; Number      ;
+----------------------------+-------------+
; Number detected on machine ; 16          ;
; Maximum allowed            ; 16          ;
;                            ;             ;
; Average used               ; 1.00        ;
; Maximum used               ; 16          ;
;                            ;             ;
; Usage by Processor         ; % Time Used ;
;     Processor 1            ; 100.0%      ;
;     Processors 2-16        ;   0.0%      ;
+----------------------------+-------------+


+---------------------------------------------------------------------------------------------------------------------------------+
; Analysis & Synthesis Source Files Read                                                                                          ;
+----------------------------------+-----------------+-----------------+------------------------------------------------+---------+
; File Name with User-Entered Path ; Used in Netlist ; File Type       ; File Name with Absolute Path                   ; Library ;
+----------------------------------+-----------------+-----------------+------------------------------------------------+---------+
; Ram.vhd                          ; yes             ; User VHDL File  ; C:/ISEL/LIC/RingBuffer/Ram.vhd                 ;         ;
; RingBufferControl.vhd            ; yes             ; User VHDL File  ; C:/ISEL/LIC/RingBuffer/RingBufferControl.vhd   ;         ;
; Contador.vhd                     ; yes             ; User VHDL File  ; C:/ISEL/LIC/RingBuffer/Contador.vhd            ;         ;
; FFD.vhd                          ; yes             ; User VHDL File  ; C:/ISEL/LIC/RingBuffer/FFD.vhd                 ;         ;
; RingBuffer.vhd                   ; yes             ; User VHDL File  ; C:/ISEL/LIC/RingBuffer/RingBuffer.vhd          ;         ;
; HA.vhd                           ; yes             ; User VHDL File  ; C:/ISEL/LIC/RingBuffer/HA.vhd                  ;         ;
; memoryAdressControl.vhd          ; yes             ; User VHDL File  ; C:/ISEL/LIC/RingBuffer/memoryAdressControl.vhd ;         ;
; mux21.vhd                        ; yes             ; User VHDL File  ; C:/ISEL/LIC/RingBuffer/mux21.vhd               ;         ;
; Registo3.vhd                     ; yes             ; User VHDL File  ; C:/ISEL/LIC/RingBuffer/Registo3.vhd            ;         ;
; Adder3.vhd                       ; yes             ; User VHDL File  ; C:/ISEL/LIC/RingBuffer/Adder3.vhd              ;         ;
; AddSub3.vhd                      ; yes             ; User VHDL File  ; C:/ISEL/LIC/RingBuffer/AddSub3.vhd             ;         ;
; FA.vhd                           ; yes             ; User VHDL File  ; C:/ISEL/LIC/RingBuffer/FA.vhd                  ;         ;
+----------------------------------+-----------------+-----------------+------------------------------------------------+---------+


+---------------------------------------------------------+
; Analysis & Synthesis Resource Usage Summary             ;
+---------------------------------------------+-----------+
; Resource                                    ; Usage     ;
+---------------------------------------------+-----------+
; Estimated Total logic elements              ; 86        ;
;                                             ;           ;
; Total combinational functions               ; 85        ;
; Logic element usage by number of LUT inputs ;           ;
;     -- 4 input functions                    ; 35        ;
;     -- 3 input functions                    ; 44        ;
;     -- <=2 input functions                  ; 6         ;
;                                             ;           ;
; Logic elements by mode                      ;           ;
;     -- normal mode                          ; 85        ;
;     -- arithmetic mode                      ; 0         ;
;                                             ;           ;
; Total registers                             ; 18        ;
;     -- Dedicated logic registers            ; 18        ;
;     -- I/O registers                        ; 0         ;
;                                             ;           ;
; I/O pins                                    ; 14        ;
;                                             ;           ;
; Embedded Multiplier 9-bit elements          ; 0         ;
;                                             ;           ;
; Maximum fan-out node                        ; clk~input ;
; Maximum fan-out                             ; 18        ;
; Total fan-out                               ; 361       ;
; Average fan-out                             ; 2.76      ;
+---------------------------------------------+-----------+


+----------------------------------------------------------------------------------------------------------------------------------------------------------------------------------------------------------------------------------------------------------------------------------------------------------------------------------------------+
; Analysis & Synthesis Resource Utilization by Entity                                                                                                                                                                                                                                                                                          ;
+-----------------------------------------------+---------------------+---------------------------+-------------+------------+--------------+---------+-----------+------+--------------+------------+----------------------------------------------------------------------------------------------------+---------------------+--------------+
; Compilation Hierarchy Node                    ; Combinational ALUTs ; Dedicated Logic Registers ; Memory Bits ; UFM Blocks ; DSP Elements ; DSP 9x9 ; DSP 18x18 ; Pins ; Virtual Pins ; ADC blocks ; Full Hierarchy Name                                                                                ; Entity Name         ; Library Name ;
+-----------------------------------------------+---------------------+---------------------------+-------------+------------+--------------+---------+-----------+------+--------------+------------+----------------------------------------------------------------------------------------------------+---------------------+--------------+
; |ringBuffer                                   ; 85 (8)              ; 18 (0)                    ; 0           ; 0          ; 0            ; 0       ; 0         ; 14   ; 0            ; 0          ; |ringBuffer                                                                                        ; ringBuffer          ; work         ;
;    |RAM:Uram|                                 ; 52 (52)             ; 0 (0)                     ; 0           ; 0          ; 0            ; 0       ; 0         ; 0    ; 0            ; 0          ; |ringBuffer|RAM:Uram                                                                               ; RAM                 ; work         ;
;    |RingBufferControl:URingBufferControl|     ; 9 (9)               ; 8 (8)                     ; 0           ; 0          ; 0            ; 0       ; 0         ; 0    ; 0            ; 0          ; |ringBuffer|RingBufferControl:URingBufferControl                                                   ; RingBufferControl   ; work         ;
;    |memoryAdressControl:UmemoryAdressControl| ; 16 (2)              ; 10 (0)                    ; 0           ; 0          ; 0            ; 0       ; 0         ; 0    ; 0            ; 0          ; |ringBuffer|memoryAdressControl:UmemoryAdressControl                                               ; memoryAdressControl ; work         ;
;       |AddSub3:UAddSub3|                      ; 4 (0)               ; 0 (0)                     ; 0           ; 0          ; 0            ; 0       ; 0         ; 0    ; 0            ; 0          ; |ringBuffer|memoryAdressControl:UmemoryAdressControl|AddSub3:UAddSub3                              ; AddSub3             ; work         ;
;          |Adder3:UAdder3|                     ; 4 (0)               ; 0 (0)                     ; 0           ; 0          ; 0            ; 0       ; 0         ; 0    ; 0            ; 0          ; |ringBuffer|memoryAdressControl:UmemoryAdressControl|AddSub3:UAddSub3|Adder3:UAdder3               ; Adder3              ; work         ;
;             |FA:FA1|                          ; 1 (0)               ; 0 (0)                     ; 0           ; 0          ; 0            ; 0       ; 0         ; 0    ; 0            ; 0          ; |ringBuffer|memoryAdressControl:UmemoryAdressControl|AddSub3:UAddSub3|Adder3:UAdder3|FA:FA1        ; FA                  ; work         ;
;                |HA:HA1|                       ; 1 (1)               ; 0 (0)                     ; 0           ; 0          ; 0            ; 0       ; 0         ; 0    ; 0            ; 0          ; |ringBuffer|memoryAdressControl:UmemoryAdressControl|AddSub3:UAddSub3|Adder3:UAdder3|FA:FA1|HA:HA1 ; HA                  ; work         ;
;             |FA:FA2|                          ; 2 (1)               ; 0 (0)                     ; 0           ; 0          ; 0            ; 0       ; 0         ; 0    ; 0            ; 0          ; |ringBuffer|memoryAdressControl:UmemoryAdressControl|AddSub3:UAddSub3|Adder3:UAdder3|FA:FA2        ; FA                  ; work         ;
;                |HA:HA1|                       ; 1 (1)               ; 0 (0)                     ; 0           ; 0          ; 0            ; 0       ; 0         ; 0    ; 0            ; 0          ; |ringBuffer|memoryAdressControl:UmemoryAdressControl|AddSub3:UAddSub3|Adder3:UAdder3|FA:FA2|HA:HA1 ; HA                  ; work         ;
;             |FA:FA3|                          ; 1 (0)               ; 0 (0)                     ; 0           ; 0          ; 0            ; 0       ; 0         ; 0    ; 0            ; 0          ; |ringBuffer|memoryAdressControl:UmemoryAdressControl|AddSub3:UAddSub3|Adder3:UAdder3|FA:FA3        ; FA                  ; work         ;
;                |HA:HA1|                       ; 1 (1)               ; 0 (0)                     ; 0           ; 0          ; 0            ; 0       ; 0         ; 0    ; 0            ; 0          ; |ringBuffer|memoryAdressControl:UmemoryAdressControl|AddSub3:UAddSub3|Adder3:UAdder3|FA:FA3|HA:HA1 ; HA                  ; work         ;
;       |Contador:UIDXGET|                      ; 3 (0)               ; 3 (0)                     ; 0           ; 0          ; 0            ; 0       ; 0         ; 0    ; 0            ; 0          ; |ringBuffer|memoryAdressControl:UmemoryAdressControl|Contador:UIDXGET                              ; Contador            ; work         ;
;          |FFD:FF0|                            ; 1 (1)               ; 1 (1)                     ; 0           ; 0          ; 0            ; 0       ; 0         ; 0    ; 0            ; 0          ; |ringBuffer|memoryAdressControl:UmemoryAdressControl|Contador:UIDXGET|FFD:FF0                      ; FFD                 ; work         ;
;          |FFD:FF1|                            ; 1 (1)               ; 1 (1)                     ; 0           ; 0          ; 0            ; 0       ; 0         ; 0    ; 0            ; 0          ; |ringBuffer|memoryAdressControl:UmemoryAdressControl|Contador:UIDXGET|FFD:FF1                      ; FFD                 ; work         ;
;          |FFD:FF2|                            ; 1 (1)               ; 1 (1)                     ; 0           ; 0          ; 0            ; 0       ; 0         ; 0    ; 0            ; 0          ; |ringBuffer|memoryAdressControl:UmemoryAdressControl|Contador:UIDXGET|FFD:FF2                      ; FFD                 ; work         ;
;       |Contador:UIDXPUT|                      ; 3 (0)               ; 3 (0)                     ; 0           ; 0          ; 0            ; 0       ; 0         ; 0    ; 0            ; 0          ; |ringBuffer|memoryAdressControl:UmemoryAdressControl|Contador:UIDXPUT                              ; Contador            ; work         ;
;          |FFD:FF0|                            ; 1 (1)               ; 1 (1)                     ; 0           ; 0          ; 0            ; 0       ; 0         ; 0    ; 0            ; 0          ; |ringBuffer|memoryAdressControl:UmemoryAdressControl|Contador:UIDXPUT|FFD:FF0                      ; FFD                 ; work         ;
;          |FFD:FF1|                            ; 1 (1)               ; 1 (1)                     ; 0           ; 0          ; 0            ; 0       ; 0         ; 0    ; 0            ; 0          ; |ringBuffer|memoryAdressControl:UmemoryAdressControl|Contador:UIDXPUT|FFD:FF1                      ; FFD                 ; work         ;
;          |FFD:FF2|                            ; 1 (1)               ; 1 (1)                     ; 0           ; 0          ; 0            ; 0       ; 0         ; 0    ; 0            ; 0          ; |ringBuffer|memoryAdressControl:UmemoryAdressControl|Contador:UIDXPUT|FFD:FF2                      ; FFD                 ; work         ;
;       |Registo3:URegisto3|                    ; 1 (0)               ; 4 (0)                     ; 0           ; 0          ; 0            ; 0       ; 0         ; 0    ; 0            ; 0          ; |ringBuffer|memoryAdressControl:UmemoryAdressControl|Registo3:URegisto3                            ; Registo3            ; work         ;
;          |FFD:U0FFD|                          ; 1 (1)               ; 1 (1)                     ; 0           ; 0          ; 0            ; 0       ; 0         ; 0    ; 0            ; 0          ; |ringBuffer|memoryAdressControl:UmemoryAdressControl|Registo3:URegisto3|FFD:U0FFD                  ; FFD                 ; work         ;
;          |FFD:U1FFD|                          ; 0 (0)               ; 1 (1)                     ; 0           ; 0          ; 0            ; 0       ; 0         ; 0    ; 0            ; 0          ; |ringBuffer|memoryAdressControl:UmemoryAdressControl|Registo3:URegisto3|FFD:U1FFD                  ; FFD                 ; work         ;
;          |FFD:U2FFD|                          ; 0 (0)               ; 1 (1)                     ; 0           ; 0          ; 0            ; 0       ; 0         ; 0    ; 0            ; 0          ; |ringBuffer|memoryAdressControl:UmemoryAdressControl|Registo3:URegisto3|FFD:U2FFD                  ; FFD                 ; work         ;
;          |FFD:U3FFD|                          ; 0 (0)               ; 1 (1)                     ; 0           ; 0          ; 0            ; 0       ; 0         ; 0    ; 0            ; 0          ; |ringBuffer|memoryAdressControl:UmemoryAdressControl|Registo3:URegisto3|FFD:U3FFD                  ; FFD                 ; work         ;
;       |mux21:Umux21|                          ; 3 (3)               ; 0 (0)                     ; 0           ; 0          ; 0            ; 0       ; 0         ; 0    ; 0            ; 0          ; |ringBuffer|memoryAdressControl:UmemoryAdressControl|mux21:Umux21                                  ; mux21               ; work         ;
+-----------------------------------------------+---------------------+---------------------------+-------------+------------+--------------+---------+-----------+------+--------------+------------+----------------------------------------------------------------------------------------------------+---------------------+--------------+
Note: For table entries with two numbers listed, the numbers in parentheses indicate the number of resources of the given type used by the specific entity alone. The numbers listed outside of parentheses indicate the total resources of the given type used by the specific entity and all of its sub-entities in the hierarchy.


Encoding Type:  One-Hot
+----------------------------------------------------------------------------------------------------------------------------------------------------------------------------------------------------------------------------------------------------------+
; State Machine - |ringBuffer|RingBufferControl:URingBufferControl|CurrentState                                                                                                                                                                            ;
+------------------------------+------------------------+------------------------------+------------------------------+---------------------------+---------------------------+-----------------------+-----------------------+----------------------------+
; Name                         ; CurrentState.STATE_DAC ; CurrentState.STATE_NOTPUTGET ; CurrentState.STATE_PUTNOTGET ; CurrentState.STATE_INCGET ; CurrentState.STATE_INCPUT ; CurrentState.STATE_WR ; CurrentState.STATE_RE ; CurrentState.STATE_WAITING ;
+------------------------------+------------------------+------------------------------+------------------------------+---------------------------+---------------------------+-----------------------+-----------------------+----------------------------+
; CurrentState.STATE_WAITING   ; 0                      ; 0                            ; 0                            ; 0                         ; 0                         ; 0                     ; 0                     ; 0                          ;
; CurrentState.STATE_RE        ; 0                      ; 0                            ; 0                            ; 0                         ; 0                         ; 0                     ; 1                     ; 1                          ;
; CurrentState.STATE_WR        ; 0                      ; 0                            ; 0                            ; 0                         ; 0                         ; 1                     ; 0                     ; 1                          ;
; CurrentState.STATE_INCPUT    ; 0                      ; 0                            ; 0                            ; 0                         ; 1                         ; 0                     ; 0                     ; 1                          ;
; CurrentState.STATE_INCGET    ; 0                      ; 0                            ; 0                            ; 1                         ; 0                         ; 0                     ; 0                     ; 1                          ;
; CurrentState.STATE_PUTNOTGET ; 0                      ; 0                            ; 1                            ; 0                         ; 0                         ; 0                     ; 0                     ; 1                          ;
; CurrentState.STATE_NOTPUTGET ; 0                      ; 1                            ; 0                            ; 0                         ; 0                         ; 0                     ; 0                     ; 1                          ;
; CurrentState.STATE_DAC       ; 1                      ; 0                            ; 0                            ; 0                         ; 0                         ; 0                     ; 0                     ; 1                          ;
+------------------------------+------------------------+------------------------------+------------------------------+---------------------------+---------------------------+-----------------------+-----------------------+----------------------------+


+----------------------------------------------------------------------------------------------------+
; User-Specified and Inferred Latches                                                                ;
+-----------------------------------------------------+---------------------+------------------------+
; Latch Name                                          ; Latch Enable Signal ; Free of Timing Hazards ;
+-----------------------------------------------------+---------------------+------------------------+
; RAM:Uram|ram~8                                      ; rtl~0               ; yes                    ;
; RAM:Uram|ram~4                                      ; rtl~1               ; yes                    ;
; RAM:Uram|ram~0                                      ; rtl~2               ; yes                    ;
; RAM:Uram|ram~12                                     ; rtl~3               ; yes                    ;
; RAM:Uram|ram~20                                     ; rtl~4               ; yes                    ;
; RAM:Uram|ram~24                                     ; rtl~5               ; yes                    ;
; RAM:Uram|ram~16                                     ; rtl~6               ; yes                    ;
; RAM:Uram|ram~28                                     ; rtl~7               ; yes                    ;
; RAM:Uram|ram~9                                      ; rtl~0               ; yes                    ;
; RAM:Uram|ram~5                                      ; rtl~1               ; yes                    ;
; RAM:Uram|ram~1                                      ; rtl~2               ; yes                    ;
; RAM:Uram|ram~13                                     ; rtl~3               ; yes                    ;
; RAM:Uram|ram~21                                     ; rtl~4               ; yes                    ;
; RAM:Uram|ram~25                                     ; rtl~5               ; yes                    ;
; RAM:Uram|ram~17                                     ; rtl~6               ; yes                    ;
; RAM:Uram|ram~29                                     ; rtl~7               ; yes                    ;
; RAM:Uram|ram~10                                     ; rtl~0               ; yes                    ;
; RAM:Uram|ram~6                                      ; rtl~1               ; yes                    ;
; RAM:Uram|ram~2                                      ; rtl~2               ; yes                    ;
; RAM:Uram|ram~14                                     ; rtl~3               ; yes                    ;
; RAM:Uram|ram~22                                     ; rtl~4               ; yes                    ;
; RAM:Uram|ram~26                                     ; rtl~5               ; yes                    ;
; RAM:Uram|ram~18                                     ; rtl~6               ; yes                    ;
; RAM:Uram|ram~30                                     ; rtl~7               ; yes                    ;
; RAM:Uram|ram~11                                     ; rtl~0               ; yes                    ;
; RAM:Uram|ram~7                                      ; rtl~1               ; yes                    ;
; RAM:Uram|ram~3                                      ; rtl~2               ; yes                    ;
; RAM:Uram|ram~15                                     ; rtl~3               ; yes                    ;
; RAM:Uram|ram~23                                     ; rtl~4               ; yes                    ;
; RAM:Uram|ram~27                                     ; rtl~5               ; yes                    ;
; RAM:Uram|ram~19                                     ; rtl~6               ; yes                    ;
; RAM:Uram|ram~31                                     ; rtl~7               ; yes                    ;
; Number of user-specified and inferred latches = 32  ;                     ;                        ;
+-----------------------------------------------------+---------------------+------------------------+
Note: All latches listed above may not be present at the end of synthesis due to various synthesis optimizations.


+------------------------------------------------------+
; General Register Statistics                          ;
+----------------------------------------------+-------+
; Statistic                                    ; Value ;
+----------------------------------------------+-------+
; Total registers                              ; 18    ;
; Number of registers using Synchronous Clear  ; 0     ;
; Number of registers using Synchronous Load   ; 0     ;
; Number of registers using Asynchronous Clear ; 18    ;
; Number of registers using Asynchronous Load  ; 0     ;
; Number of registers using Clock Enable       ; 4     ;
; Number of registers using Preset             ; 0     ;
+----------------------------------------------+-------+


+-------------------------------------------------------+
; Parameter Settings for User Entity Instance: RAM:Uram ;
+----------------+-------+------------------------------+
; Parameter Name ; Value ; Type                         ;
+----------------+-------+------------------------------+
; address_width  ; 3     ; Signed Integer               ;
; data_width     ; 4     ; Signed Integer               ;
+----------------+-------+------------------------------+
Note: In order to hide this table in the UI and the text report file, please set the "Show Parameter Settings in Synthesis Report" option in "Analysis and Synthesis Settings -> More Settings" to "Off".


+-----------------------------------------------------------------------------------------------+
; Port Connectivity Checks: "memoryAdressControl:UmemoryAdressControl|Contador:UIDXGET|FFD:FF2" ;
+------+-------+----------+---------------------------------------------------------------------+
; Port ; Type  ; Severity ; Details                                                             ;
+------+-------+----------+---------------------------------------------------------------------+
; set  ; Input ; Info     ; Stuck at GND                                                        ;
+------+-------+----------+---------------------------------------------------------------------+


+-----------------------------------------------------------------------------------------------+
; Port Connectivity Checks: "memoryAdressControl:UmemoryAdressControl|Contador:UIDXGET|FFD:FF1" ;
+------+-------+----------+---------------------------------------------------------------------+
; Port ; Type  ; Severity ; Details                                                             ;
+------+-------+----------+---------------------------------------------------------------------+
; set  ; Input ; Info     ; Stuck at GND                                                        ;
+------+-------+----------+---------------------------------------------------------------------+


+-----------------------------------------------------------------------------------------------+
; Port Connectivity Checks: "memoryAdressControl:UmemoryAdressControl|Contador:UIDXGET|FFD:FF0" ;
+------+-------+----------+---------------------------------------------------------------------+
; Port ; Type  ; Severity ; Details                                                             ;
+------+-------+----------+---------------------------------------------------------------------+
; set  ; Input ; Info     ; Stuck at GND                                                        ;
+------+-------+----------+---------------------------------------------------------------------+


+----------------------------------------------------------------------------------------------------------------+
; Port Connectivity Checks: "memoryAdressControl:UmemoryAdressControl|AddSub3:UAddSub3|Adder3:UAdder3|FA:FA3"    ;
+------+--------+----------+-------------------------------------------------------------------------------------+
; Port ; Type   ; Severity ; Details                                                                             ;
+------+--------+----------+-------------------------------------------------------------------------------------+
; co   ; Output ; Info     ; Connected to dangling logic. Logic that only feeds a dangling port will be removed. ;
+------+--------+----------+-------------------------------------------------------------------------------------+


+----------------------------------------------------------------------------------------------------------------------------------------+
; Port Connectivity Checks: "memoryAdressControl:UmemoryAdressControl|AddSub3:UAddSub3"                                                  ;
+---------+--------+----------+----------------------------------------------------------------------------------------------------------+
; Port    ; Type   ; Severity ; Details                                                                                                  ;
+---------+--------+----------+----------------------------------------------------------------------------------------------------------+
; b[3..1] ; Input  ; Info     ; Stuck at GND                                                                                             ;
; b[0]    ; Input  ; Info     ; Stuck at VCC                                                                                             ;
; cobo    ; Output ; Warning  ; Declared by entity but not connected by instance. Logic that only feeds a dangling port will be removed. ;
+---------+--------+----------+----------------------------------------------------------------------------------------------------------+


+---------------------------------------------------------------------------------------------------+
; Port Connectivity Checks: "memoryAdressControl:UmemoryAdressControl|Registo3:URegisto3|FFD:U3FFD" ;
+------+-------+----------+-------------------------------------------------------------------------+
; Port ; Type  ; Severity ; Details                                                                 ;
+------+-------+----------+-------------------------------------------------------------------------+
; set  ; Input ; Info     ; Stuck at GND                                                            ;
+------+-------+----------+-------------------------------------------------------------------------+


+---------------------------------------------------------------------------------------------------+
; Port Connectivity Checks: "memoryAdressControl:UmemoryAdressControl|Registo3:URegisto3|FFD:U2FFD" ;
+------+-------+----------+-------------------------------------------------------------------------+
; Port ; Type  ; Severity ; Details                                                                 ;
+------+-------+----------+-------------------------------------------------------------------------+
; set  ; Input ; Info     ; Stuck at GND                                                            ;
+------+-------+----------+-------------------------------------------------------------------------+


+---------------------------------------------------------------------------------------------------+
; Port Connectivity Checks: "memoryAdressControl:UmemoryAdressControl|Registo3:URegisto3|FFD:U1FFD" ;
+------+-------+----------+-------------------------------------------------------------------------+
; Port ; Type  ; Severity ; Details                                                                 ;
+------+-------+----------+-------------------------------------------------------------------------+
; set  ; Input ; Info     ; Stuck at GND                                                            ;
+------+-------+----------+-------------------------------------------------------------------------+


+---------------------------------------------------------------------------------------------------+
; Port Connectivity Checks: "memoryAdressControl:UmemoryAdressControl|Registo3:URegisto3|FFD:U0FFD" ;
+------+-------+----------+-------------------------------------------------------------------------+
; Port ; Type  ; Severity ; Details                                                                 ;
+------+-------+----------+-------------------------------------------------------------------------+
; set  ; Input ; Info     ; Stuck at GND                                                            ;
+------+-------+----------+-------------------------------------------------------------------------+


+-----------------------------------------------------+
; Post-Synthesis Netlist Statistics for Top Partition ;
+-----------------------+-----------------------------+
; Type                  ; Count                       ;
+-----------------------+-----------------------------+
; boundary_port         ; 14                          ;
; cycloneiii_ff         ; 18                          ;
;     CLR               ; 14                          ;
;     ENA CLR           ; 4                           ;
; cycloneiii_lcell_comb ; 85                          ;
;     normal            ; 85                          ;
;         1 data inputs ; 1                           ;
;         2 data inputs ; 5                           ;
;         3 data inputs ; 44                          ;
;         4 data inputs ; 35                          ;
;                       ;                             ;
; Max LUT depth         ; 4.00                        ;
; Average LUT depth     ; 2.38                        ;
+-----------------------+-----------------------------+


+-------------------------------+
; Elapsed Time Per Partition    ;
+----------------+--------------+
; Partition Name ; Elapsed Time ;
+----------------+--------------+
; Top            ; 00:00:00     ;
+----------------+--------------+


+-------------------------------+
; Analysis & Synthesis Messages ;
+-------------------------------+
Info: *******************************************************************
Info: Running Quartus Prime Analysis & Synthesis
    Info: Version 19.1.0 Build 670 09/22/2019 SJ Lite Edition
    Info: Processing started: Sun Jun 18 13:24:17 2023
Info: Command: quartus_map --read_settings_files=on --write_settings_files=off RingBuffer -c RingBuffer
Warning (18236): Number of processors has not been specified which may cause overloading on shared machines.  Set the global assignment NUM_PARALLEL_PROCESSORS in your QSF to an appropriate value for best performance.
Info (20030): Parallel compilation is enabled and will use 16 of the 16 processors detected
Info (12021): Found 2 design units, including 1 entities, in source file ram.vhd
    Info (12022): Found design unit 1: RAM-behavioral File: C:/ISEL/LIC/RingBuffer/Ram.vhd Line: 34
    Info (12023): Found entity 1: RAM File: C:/ISEL/LIC/RingBuffer/Ram.vhd Line: 21
Info (12021): Found 2 design units, including 1 entities, in source file ringbuffercontrol.vhd
    Info (12022): Found design unit 1: RingBufferControl-behavioral File: C:/ISEL/LIC/RingBuffer/RingBufferControl.vhd Line: 22
    Info (12023): Found entity 1: RingBufferControl File: C:/ISEL/LIC/RingBuffer/RingBufferControl.vhd Line: 5
Info (12021): Found 2 design units, including 1 entities, in source file contador.vhd
    Info (12022): Found design unit 1: Contador-logic File: C:/ISEL/LIC/RingBuffer/Contador.vhd Line: 13
    Info (12023): Found entity 1: Contador File: C:/ISEL/LIC/RingBuffer/Contador.vhd Line: 4
Info (12021): Found 2 design units, including 1 entities, in source file ffd.vhd
    Info (12022): Found design unit 1: FFD-logicFunction File: C:/ISEL/LIC/RingBuffer/FFD.vhd Line: 14
    Info (12023): Found entity 1: FFD File: C:/ISEL/LIC/RingBuffer/FFD.vhd Line: 4
Info (12021): Found 2 design units, including 1 entities, in source file ringbuffer.vhd
    Info (12022): Found design unit 1: ringBuffer-logic File: C:/ISEL/LIC/RingBuffer/RingBuffer.vhd Line: 16
    Info (12023): Found entity 1: ringBuffer File: C:/ISEL/LIC/RingBuffer/RingBuffer.vhd Line: 4
Info (12021): Found 2 design units, including 1 entities, in source file ha.vhd
    Info (12022): Found design unit 1: HA-logic File: C:/ISEL/LIC/RingBuffer/HA.vhd Line: 13
    Info (12023): Found entity 1: HA File: C:/ISEL/LIC/RingBuffer/HA.vhd Line: 4
Info (12021): Found 2 design units, including 1 entities, in source file memoryadresscontrol.vhd
    Info (12022): Found design unit 1: memoryAdressControl-arq_memoryAdressControl File: C:/ISEL/LIC/RingBuffer/memoryAdressControl.vhd Line: 16
    Info (12023): Found entity 1: memoryAdressControl File: C:/ISEL/LIC/RingBuffer/memoryAdressControl.vhd Line: 4
Info (12021): Found 2 design units, including 1 entities, in source file mux21.vhd
    Info (12022): Found design unit 1: mux21-arq_mux21 File: C:/ISEL/LIC/RingBuffer/mux21.vhd Line: 11
    Info (12023): Found entity 1: mux21 File: C:/ISEL/LIC/RingBuffer/mux21.vhd Line: 4
Info (12021): Found 2 design units, including 1 entities, in source file registo3.vhd
    Info (12022): Found design unit 1: Registo3-logic File: C:/ISEL/LIC/RingBuffer/Registo3.vhd Line: 14
    Info (12023): Found entity 1: Registo3 File: C:/ISEL/LIC/RingBuffer/Registo3.vhd Line: 4
Info (12021): Found 2 design units, including 1 entities, in source file adder3.vhd
    Info (12022): Found design unit 1: Adder3-logic File: C:/ISEL/LIC/RingBuffer/Adder3.vhd Line: 14
    Info (12023): Found entity 1: Adder3 File: C:/ISEL/LIC/RingBuffer/Adder3.vhd Line: 4
Info (12021): Found 2 design units, including 1 entities, in source file addsub3.vhd
    Info (12022): Found design unit 1: AddSub3-logic File: C:/ISEL/LIC/RingBuffer/AddSub3.vhd Line: 14
    Info (12023): Found entity 1: AddSub3 File: C:/ISEL/LIC/RingBuffer/AddSub3.vhd Line: 4
Info (12021): Found 2 design units, including 1 entities, in source file fa.vhd
    Info (12022): Found design unit 1: FA-logic File: C:/ISEL/LIC/RingBuffer/FA.vhd Line: 14
    Info (12023): Found entity 1: FA File: C:/ISEL/LIC/RingBuffer/FA.vhd Line: 4
Info (12021): Found 2 design units, including 1 entities, in source file ringbuffercontrol_tb.vhd
    Info (12022): Found design unit 1: RingBufferControl_tb-RingBufferControl_tb_arch File: C:/ISEL/LIC/RingBuffer/RingBufferControl_tb.vhd Line: 7
    Info (12023): Found entity 1: RingBufferControl_tb File: C:/ISEL/LIC/RingBuffer/RingBufferControl_tb.vhd Line: 4
Info (12021): Found 2 design units, including 1 entities, in source file contador_tb.vhd
    Info (12022): Found design unit 1: Contador_tb-Contador_tb_arch File: C:/ISEL/LIC/RingBuffer/Contador_tb.vhd Line: 7
    Info (12023): Found entity 1: Contador_tb File: C:/ISEL/LIC/RingBuffer/Contador_tb.vhd Line: 4
Info (12021): Found 2 design units, including 1 entities, in source file ringbuffer_tb.vhd
    Info (12022): Found design unit 1: RingBuffer_tb-RingBuffer_tb_arch File: C:/ISEL/LIC/RingBuffer/RingBuffer_tb.vhd Line: 7
    Info (12023): Found entity 1: RingBuffer_tb File: C:/ISEL/LIC/RingBuffer/RingBuffer_tb.vhd Line: 4
Info (12021): Found 2 design units, including 1 entities, in source file memoryadresscontrol_tb.vhd
    Info (12022): Found design unit 1: memoryAdressControl_tb-behavioral File: C:/ISEL/LIC/RingBuffer/memoryAdressControl_tb.vhd Line: 7
    Info (12023): Found entity 1: memoryAdressControl_tb File: C:/ISEL/LIC/RingBuffer/memoryAdressControl_tb.vhd Line: 4
Info (12127): Elaborating entity "RingBuffer" for the top level hierarchy
Info (12128): Elaborating entity "RingBufferControl" for hierarchy "RingBufferControl:URingBufferControl" File: C:/ISEL/LIC/RingBuffer/RingBuffer.vhd Line: 60
Info (12128): Elaborating entity "memoryAdressControl" for hierarchy "memoryAdressControl:UmemoryAdressControl" File: C:/ISEL/LIC/RingBuffer/RingBuffer.vhd Line: 75
Info (12128): Elaborating entity "Registo3" for hierarchy "memoryAdressControl:UmemoryAdressControl|Registo3:URegisto3" File: C:/ISEL/LIC/RingBuffer/memoryAdressControl.vhd Line: 59
Info (12128): Elaborating entity "FFD" for hierarchy "memoryAdressControl:UmemoryAdressControl|Registo3:URegisto3|FFD:U0FFD" File: C:/ISEL/LIC/RingBuffer/Registo3.vhd Line: 28
Info (12128): Elaborating entity "AddSub3" for hierarchy "memoryAdressControl:UmemoryAdressControl|AddSub3:UAddSub3" File: C:/ISEL/LIC/RingBuffer/memoryAdressControl.vhd Line: 69
Info (12128): Elaborating entity "Adder3" for hierarchy "memoryAdressControl:UmemoryAdressControl|AddSub3:UAddSub3|Adder3:UAdder3" File: C:/ISEL/LIC/RingBuffer/AddSub3.vhd Line: 35
Warning (10541): VHDL Signal Declaration warning at Adder3.vhd(10): used implicit default value for signal "CO" because signal was never assigned a value or an explicit default value. Use of implicit default value may introduce unintended design optimizations. File: C:/ISEL/LIC/RingBuffer/Adder3.vhd Line: 10
Info (12128): Elaborating entity "FA" for hierarchy "memoryAdressControl:UmemoryAdressControl|AddSub3:UAddSub3|Adder3:UAdder3|FA:FA0" File: C:/ISEL/LIC/RingBuffer/Adder3.vhd Line: 29
Info (12128): Elaborating entity "HA" for hierarchy "memoryAdressControl:UmemoryAdressControl|AddSub3:UAddSub3|Adder3:UAdder3|FA:FA0|HA:HA0" File: C:/ISEL/LIC/RingBuffer/FA.vhd Line: 28
Info (12128): Elaborating entity "Contador" for hierarchy "memoryAdressControl:UmemoryAdressControl|Contador:UIDXGET" File: C:/ISEL/LIC/RingBuffer/memoryAdressControl.vhd Line: 77
Info (12128): Elaborating entity "mux21" for hierarchy "memoryAdressControl:UmemoryAdressControl|mux21:Umux21" File: C:/ISEL/LIC/RingBuffer/memoryAdressControl.vhd Line: 93
Info (12128): Elaborating entity "RAM" for hierarchy "RAM:Uram" File: C:/ISEL/LIC/RingBuffer/RingBuffer.vhd Line: 86
Warning (10492): VHDL Process Statement warning at Ram.vhd(43): signal "ram" is read inside the Process Statement but isn't in the Process Statement's sensitivity list File: C:/ISEL/LIC/RingBuffer/Ram.vhd Line: 43
Warning (10492): VHDL Process Statement warning at Ram.vhd(46): signal "din" is read inside the Process Statement but isn't in the Process Statement's sensitivity list File: C:/ISEL/LIC/RingBuffer/Ram.vhd Line: 46
Warning (12241): 1 hierarchies have connectivity warnings - see the Connectivity Checks report folder
Info (286030): Timing-Driven Synthesis is running
Info (16010): Generating hard_block partition "hard_block:auto_generated_inst"
    Info (16011): Adding 0 node(s), including 0 DDIO, 0 PLL, 0 transceiver and 0 LCELL
Info (21057): Implemented 100 device resources after synthesis - the final resource count might be different
    Info (21058): Implemented 8 input pins
    Info (21059): Implemented 6 output pins
    Info (21061): Implemented 86 logic cells
Info: Quartus Prime Analysis & Synthesis was successful. 0 errors, 5 warnings
    Info: Peak virtual memory: 4854 megabytes
    Info: Processing ended: Sun Jun 18 13:24:25 2023
    Info: Elapsed time: 00:00:08
    Info: Total CPU time (on all processors): 00:00:12


