Analysis & Synthesis report for SLCDC
Fri May 26 18:01:50 2023
Quartus Prime Version 19.1.0 Build 670 09/22/2019 SJ Lite Edition


---------------------
; Table of Contents ;
---------------------
  1. Legal Notice
  2. Analysis & Synthesis Summary
  3. Analysis & Synthesis Settings
  4. Parallel Compilation
  5. Analysis & Synthesis Source Files Read
  6. Analysis & Synthesis Resource Usage Summary
  7. Analysis & Synthesis Resource Utilization by Entity
  8. State Machine - |SLCDC|Dispatcher:UDispatcher|CurrentState
  9. State Machine - |SLCDC|SerialReceiver:USerialReceiver|SerialControl:USerialControl|CurrentState
 10. General Register Statistics
 11. Port Connectivity Checks: "SerialReceiver:USerialReceiver|SerialControl:USerialControl"
 12. Port Connectivity Checks: "SerialReceiver:USerialReceiver|shiftReg5:UshiftReg5|FFD:FF4"
 13. Port Connectivity Checks: "SerialReceiver:USerialReceiver|shiftReg5:UshiftReg5|FFD:FF3"
 14. Port Connectivity Checks: "SerialReceiver:USerialReceiver|shiftReg5:UshiftReg5|FFD:FF2"
 15. Port Connectivity Checks: "SerialReceiver:USerialReceiver|shiftReg5:UshiftReg5|FFD:FF1"
 16. Port Connectivity Checks: "SerialReceiver:USerialReceiver|shiftReg5:UshiftReg5|FFD:FF0"
 17. Port Connectivity Checks: "SerialReceiver:USerialReceiver|ContadorUpDown3:UCounter|FFD:FF2"
 18. Port Connectivity Checks: "SerialReceiver:USerialReceiver|ContadorUpDown3:UCounter|FFD:FF1"
 19. Port Connectivity Checks: "SerialReceiver:USerialReceiver|ContadorUpDown3:UCounter|FFD:FF0"
 20. Post-Synthesis Netlist Statistics for Top Partition
 21. Elapsed Time Per Partition
 22. Analysis & Synthesis Messages



----------------
; Legal Notice ;
----------------
Copyright (C) 2019  Intel Corporation. All rights reserved.
Your use of Intel Corporation's design tools, logic functions 
and other software and tools, and any partner logic 
functions, and any output files from any of the foregoing 
(including device programming or simulation files), and any 
associated documentation or information are expressly subject 
to the terms and conditions of the Intel Program License 
Subscription Agreement, the Intel Quartus Prime License Agreement,
the Intel FPGA IP License Agreement, or other applicable license
agreement, including, without limitation, that your use is for
the sole purpose of programming logic devices manufactured by
Intel and sold by Intel or its authorized distributors.  Please
refer to the applicable agreement for further details, at
https://fpgasoftware.intel.com/eula.



+----------------------------------------------------------------------------------+
; Analysis & Synthesis Summary                                                     ;
+------------------------------------+---------------------------------------------+
; Analysis & Synthesis Status        ; Successful - Fri May 26 18:01:50 2023       ;
; Quartus Prime Version              ; 19.1.0 Build 670 09/22/2019 SJ Lite Edition ;
; Revision Name                      ; SLCDC                                       ;
; Top-level Entity Name              ; SLCDC                                       ;
; Family                             ; MAX 10                                      ;
; Total logic elements               ; 16                                          ;
;     Total combinational functions  ; 11                                          ;
;     Dedicated logic registers      ; 14                                          ;
; Total registers                    ; 14                                          ;
; Total pins                         ; 11                                          ;
; Total virtual pins                 ; 0                                           ;
; Total memory bits                  ; 0                                           ;
; Embedded Multiplier 9-bit elements ; 0                                           ;
; Total PLLs                         ; 0                                           ;
; UFM blocks                         ; 0                                           ;
; ADC blocks                         ; 0                                           ;
+------------------------------------+---------------------------------------------+


+------------------------------------------------------------------------------------------------------------+
; Analysis & Synthesis Settings                                                                              ;
+------------------------------------------------------------------+--------------------+--------------------+
; Option                                                           ; Setting            ; Default Value      ;
+------------------------------------------------------------------+--------------------+--------------------+
; Device                                                           ; 10M50DAF484C6GES   ;                    ;
; Top-level entity name                                            ; SLCDC              ; SLCDC              ;
; Family name                                                      ; MAX 10             ; Cyclone V          ;
; Use smart compilation                                            ; Off                ; Off                ;
; Enable parallel Assembler and Timing Analyzer during compilation ; On                 ; On                 ;
; Enable compact report table                                      ; Off                ; Off                ;
; Restructure Multiplexers                                         ; Auto               ; Auto               ;
; Create Debugging Nodes for IP Cores                              ; Off                ; Off                ;
; Preserve fewer node names                                        ; On                 ; On                 ;
; Intel FPGA IP Evaluation Mode                                    ; Enable             ; Enable             ;
; Verilog Version                                                  ; Verilog_2001       ; Verilog_2001       ;
; VHDL Version                                                     ; VHDL_1993          ; VHDL_1993          ;
; State Machine Processing                                         ; Auto               ; Auto               ;
; Safe State Machine                                               ; Off                ; Off                ;
; Extract Verilog State Machines                                   ; On                 ; On                 ;
; Extract VHDL State Machines                                      ; On                 ; On                 ;
; Ignore Verilog initial constructs                                ; Off                ; Off                ;
; Iteration limit for constant Verilog loops                       ; 5000               ; 5000               ;
; Iteration limit for non-constant Verilog loops                   ; 250                ; 250                ;
; Add Pass-Through Logic to Inferred RAMs                          ; On                 ; On                 ;
; Infer RAMs from Raw Logic                                        ; On                 ; On                 ;
; Parallel Synthesis                                               ; On                 ; On                 ;
; DSP Block Balancing                                              ; Auto               ; Auto               ;
; NOT Gate Push-Back                                               ; On                 ; On                 ;
; Power-Up Don't Care                                              ; On                 ; On                 ;
; Remove Redundant Logic Cells                                     ; Off                ; Off                ;
; Remove Duplicate Registers                                       ; On                 ; On                 ;
; Ignore CARRY Buffers                                             ; Off                ; Off                ;
; Ignore CASCADE Buffers                                           ; Off                ; Off                ;
; Ignore GLOBAL Buffers                                            ; Off                ; Off                ;
; Ignore ROW GLOBAL Buffers                                        ; Off                ; Off                ;
; Ignore LCELL Buffers                                             ; Off                ; Off                ;
; Ignore SOFT Buffers                                              ; On                 ; On                 ;
; Limit AHDL Integers to 32 Bits                                   ; Off                ; Off                ;
; Optimization Technique                                           ; Balanced           ; Balanced           ;
; Carry Chain Length                                               ; 70                 ; 70                 ;
; Auto Carry Chains                                                ; On                 ; On                 ;
; Auto Open-Drain Pins                                             ; On                 ; On                 ;
; Perform WYSIWYG Primitive Resynthesis                            ; Off                ; Off                ;
; Auto ROM Replacement                                             ; On                 ; On                 ;
; Auto RAM Replacement                                             ; On                 ; On                 ;
; Auto DSP Block Replacement                                       ; On                 ; On                 ;
; Auto Shift Register Replacement                                  ; Auto               ; Auto               ;
; Allow Shift Register Merging across Hierarchies                  ; Auto               ; Auto               ;
; Auto Clock Enable Replacement                                    ; On                 ; On                 ;
; Strict RAM Replacement                                           ; Off                ; Off                ;
; Allow Synchronous Control Signals                                ; On                 ; On                 ;
; Force Use of Synchronous Clear Signals                           ; Off                ; Off                ;
; Auto RAM Block Balancing                                         ; On                 ; On                 ;
; Auto RAM to Logic Cell Conversion                                ; Off                ; Off                ;
; Auto Resource Sharing                                            ; Off                ; Off                ;
; Allow Any RAM Size For Recognition                               ; Off                ; Off                ;
; Allow Any ROM Size For Recognition                               ; Off                ; Off                ;
; Allow Any Shift Register Size For Recognition                    ; Off                ; Off                ;
; Use LogicLock Constraints during Resource Balancing              ; On                 ; On                 ;
; Ignore translate_off and synthesis_off directives                ; Off                ; Off                ;
; Timing-Driven Synthesis                                          ; On                 ; On                 ;
; Report Parameter Settings                                        ; On                 ; On                 ;
; Report Source Assignments                                        ; On                 ; On                 ;
; Report Connectivity Checks                                       ; On                 ; On                 ;
; Ignore Maximum Fan-Out Assignments                               ; Off                ; Off                ;
; Synchronization Register Chain Length                            ; 2                  ; 2                  ;
; Power Optimization During Synthesis                              ; Normal compilation ; Normal compilation ;
; HDL message level                                                ; Level2             ; Level2             ;
; Suppress Register Optimization Related Messages                  ; Off                ; Off                ;
; Number of Removed Registers Reported in Synthesis Report         ; 5000               ; 5000               ;
; Number of Swept Nodes Reported in Synthesis Report               ; 5000               ; 5000               ;
; Number of Inverted Registers Reported in Synthesis Report        ; 100                ; 100                ;
; Clock MUX Protection                                             ; On                 ; On                 ;
; Auto Gated Clock Conversion                                      ; Off                ; Off                ;
; Block Design Naming                                              ; Auto               ; Auto               ;
; SDC constraint protection                                        ; Off                ; Off                ;
; Synthesis Effort                                                 ; Auto               ; Auto               ;
; Shift Register Replacement - Allow Asynchronous Clear Signal     ; On                 ; On                 ;
; Pre-Mapping Resynthesis Optimization                             ; Off                ; Off                ;
; Analysis & Synthesis Message Level                               ; Medium             ; Medium             ;
; Disable Register Merging Across Hierarchies                      ; Auto               ; Auto               ;
; Resource Aware Inference For Block RAM                           ; On                 ; On                 ;
+------------------------------------------------------------------+--------------------+--------------------+


+------------------------------------------+
; Parallel Compilation                     ;
+----------------------------+-------------+
; Processors                 ; Number      ;
+----------------------------+-------------+
; Number detected on machine ; 16          ;
; Maximum allowed            ; 16          ;
;                            ;             ;
; Average used               ; 1.00        ;
; Maximum used               ; 16          ;
;                            ;             ;
; Usage by Processor         ; % Time Used ;
;     Processor 1            ; 100.0%      ;
;     Processors 2-16        ;   0.0%      ;
+----------------------------+-------------+


+--------------------------------------------------------------------------------------------------------------------------------------+
; Analysis & Synthesis Source Files Read                                                                                               ;
+---------------------------------------+-----------------+-----------------+------------------------------------------------+---------+
; File Name with User-Entered Path      ; Used in Netlist ; File Type       ; File Name with Absolute Path                   ; Library ;
+---------------------------------------+-----------------+-----------------+------------------------------------------------+---------+
; ../Serial Receiver/shiftReg5.vhd      ; yes             ; User VHDL File  ; C:/ISEL/LIC/Serial Receiver/shiftReg5.vhd      ;         ;
; ../Serial Receiver/SerialReceiver.vhd ; yes             ; User VHDL File  ; C:/ISEL/LIC/Serial Receiver/SerialReceiver.vhd ;         ;
; ../Serial Receiver/SerialControl.vhd  ; yes             ; User VHDL File  ; C:/ISEL/LIC/Serial Receiver/SerialControl.vhd  ;         ;
; ../Serial Receiver/FFD.vhd            ; yes             ; User VHDL File  ; C:/ISEL/LIC/Serial Receiver/FFD.vhd            ;         ;
; ../Serial Receiver/CounterUpDown3.vhd ; yes             ; User VHDL File  ; C:/ISEL/LIC/Serial Receiver/CounterUpDown3.vhd ;         ;
; ../Dispatcher/Dispatcher.vhd          ; yes             ; User VHDL File  ; C:/ISEL/LIC/Dispatcher/Dispatcher.vhd          ;         ;
; SLCDC.vhd                             ; yes             ; User VHDL File  ; C:/ISEL/LIC/SLCDC/SLCDC.vhd                    ;         ;
+---------------------------------------+-----------------+-----------------+------------------------------------------------+---------+


+----------------------------------------------------------+
; Analysis & Synthesis Resource Usage Summary              ;
+---------------------------------------------+------------+
; Resource                                    ; Usage      ;
+---------------------------------------------+------------+
; Estimated Total logic elements              ; 16         ;
;                                             ;            ;
; Total combinational functions               ; 11         ;
; Logic element usage by number of LUT inputs ;            ;
;     -- 4 input functions                    ; 3          ;
;     -- 3 input functions                    ; 4          ;
;     -- <=2 input functions                  ; 4          ;
;                                             ;            ;
; Logic elements by mode                      ;            ;
;     -- normal mode                          ; 11         ;
;     -- arithmetic mode                      ; 0          ;
;                                             ;            ;
; Total registers                             ; 14         ;
;     -- Dedicated logic registers            ; 14         ;
;     -- I/O registers                        ; 0          ;
;                                             ;            ;
; I/O pins                                    ; 11         ;
;                                             ;            ;
; Embedded Multiplier 9-bit elements          ; 0          ;
;                                             ;            ;
; Maximum fan-out node                        ; SCLK~input ;
; Maximum fan-out                             ; 11         ;
; Total fan-out                               ; 95         ;
; Average fan-out                             ; 2.02       ;
+---------------------------------------------+------------+


+-----------------------------------------------------------------------------------------------------------------------------------------------------------------------------------------------------------------------------------------------------------------------------------------------------+
; Analysis & Synthesis Resource Utilization by Entity                                                                                                                                                                                                                                                 ;
+--------------------------------------+---------------------+---------------------------+-------------+------------+--------------+---------+-----------+------+--------------+------------+------------------------------------------------------------------------+-----------------+--------------+
; Compilation Hierarchy Node           ; Combinational ALUTs ; Dedicated Logic Registers ; Memory Bits ; UFM Blocks ; DSP Elements ; DSP 9x9 ; DSP 18x18 ; Pins ; Virtual Pins ; ADC blocks ; Full Hierarchy Name                                                    ; Entity Name     ; Library Name ;
+--------------------------------------+---------------------+---------------------------+-------------+------------+--------------+---------+-----------+------+--------------+------------+------------------------------------------------------------------------+-----------------+--------------+
; |SLCDC                               ; 11 (0)              ; 14 (0)                    ; 0           ; 0          ; 0            ; 0       ; 0         ; 11   ; 0            ; 0          ; |SLCDC                                                                 ; SLCDC           ; work         ;
;    |Dispatcher:UDispatcher|          ; 3 (3)               ; 3 (3)                     ; 0           ; 0          ; 0            ; 0       ; 0         ; 0    ; 0            ; 0          ; |SLCDC|Dispatcher:UDispatcher                                          ; Dispatcher      ; work         ;
;    |SerialReceiver:USerialReceiver|  ; 8 (0)               ; 11 (0)                    ; 0           ; 0          ; 0            ; 0       ; 0         ; 0    ; 0            ; 0          ; |SLCDC|SerialReceiver:USerialReceiver                                  ; SerialReceiver  ; work         ;
;       |ContadorUpDown3:UCounter|     ; 3 (0)               ; 3 (0)                     ; 0           ; 0          ; 0            ; 0       ; 0         ; 0    ; 0            ; 0          ; |SLCDC|SerialReceiver:USerialReceiver|ContadorUpDown3:UCounter         ; ContadorUpDown3 ; work         ;
;          |FFD:FF0|                   ; 1 (1)               ; 1 (1)                     ; 0           ; 0          ; 0            ; 0       ; 0         ; 0    ; 0            ; 0          ; |SLCDC|SerialReceiver:USerialReceiver|ContadorUpDown3:UCounter|FFD:FF0 ; FFD             ; work         ;
;          |FFD:FF1|                   ; 1 (1)               ; 1 (1)                     ; 0           ; 0          ; 0            ; 0       ; 0         ; 0    ; 0            ; 0          ; |SLCDC|SerialReceiver:USerialReceiver|ContadorUpDown3:UCounter|FFD:FF1 ; FFD             ; work         ;
;          |FFD:FF2|                   ; 1 (1)               ; 1 (1)                     ; 0           ; 0          ; 0            ; 0       ; 0         ; 0    ; 0            ; 0          ; |SLCDC|SerialReceiver:USerialReceiver|ContadorUpDown3:UCounter|FFD:FF2 ; FFD             ; work         ;
;       |SerialControl:USerialControl| ; 5 (5)               ; 3 (3)                     ; 0           ; 0          ; 0            ; 0       ; 0         ; 0    ; 0            ; 0          ; |SLCDC|SerialReceiver:USerialReceiver|SerialControl:USerialControl     ; SerialControl   ; work         ;
;       |shiftReg5:UshiftReg5|         ; 0 (0)               ; 5 (0)                     ; 0           ; 0          ; 0            ; 0       ; 0         ; 0    ; 0            ; 0          ; |SLCDC|SerialReceiver:USerialReceiver|shiftReg5:UshiftReg5             ; shiftReg5       ; work         ;
;          |FFD:FF0|                   ; 0 (0)               ; 1 (1)                     ; 0           ; 0          ; 0            ; 0       ; 0         ; 0    ; 0            ; 0          ; |SLCDC|SerialReceiver:USerialReceiver|shiftReg5:UshiftReg5|FFD:FF0     ; FFD             ; work         ;
;          |FFD:FF1|                   ; 0 (0)               ; 1 (1)                     ; 0           ; 0          ; 0            ; 0       ; 0         ; 0    ; 0            ; 0          ; |SLCDC|SerialReceiver:USerialReceiver|shiftReg5:UshiftReg5|FFD:FF1     ; FFD             ; work         ;
;          |FFD:FF2|                   ; 0 (0)               ; 1 (1)                     ; 0           ; 0          ; 0            ; 0       ; 0         ; 0    ; 0            ; 0          ; |SLCDC|SerialReceiver:USerialReceiver|shiftReg5:UshiftReg5|FFD:FF2     ; FFD             ; work         ;
;          |FFD:FF3|                   ; 0 (0)               ; 1 (1)                     ; 0           ; 0          ; 0            ; 0       ; 0         ; 0    ; 0            ; 0          ; |SLCDC|SerialReceiver:USerialReceiver|shiftReg5:UshiftReg5|FFD:FF3     ; FFD             ; work         ;
;          |FFD:FF4|                   ; 0 (0)               ; 1 (1)                     ; 0           ; 0          ; 0            ; 0       ; 0         ; 0    ; 0            ; 0          ; |SLCDC|SerialReceiver:USerialReceiver|shiftReg5:UshiftReg5|FFD:FF4     ; FFD             ; work         ;
+--------------------------------------+---------------------+---------------------------+-------------+------------+--------------+---------+-----------+------+--------------+------------+------------------------------------------------------------------------+-----------------+--------------+
Note: For table entries with two numbers listed, the numbers in parentheses indicate the number of resources of the given type used by the specific entity alone. The numbers listed outside of parentheses indicate the total resources of the given type used by the specific entity and all of its sub-entities in the hierarchy.


Encoding Type:  One-Hot
+-------------------------------------------------------------------------------------------------------------+
; State Machine - |SLCDC|Dispatcher:UDispatcher|CurrentState                                                  ;
+----------------------------+-------------------------+-------------------------+----------------------------+
; Name                       ; CurrentState.STATE_DONE ; CurrentState.STATE_DATA ; CurrentState.STATE_WAITING ;
+----------------------------+-------------------------+-------------------------+----------------------------+
; CurrentState.STATE_WAITING ; 0                       ; 0                       ; 0                          ;
; CurrentState.STATE_DATA    ; 0                       ; 1                       ; 1                          ;
; CurrentState.STATE_DONE    ; 1                       ; 0                       ; 1                          ;
+----------------------------+-------------------------+-------------------------+----------------------------+


Encoding Type:  One-Hot
+------------------------------------------------------------------------------------------------------------------------+
; State Machine - |SLCDC|SerialReceiver:USerialReceiver|SerialControl:USerialControl|CurrentState                        ;
+------------------------------+-----------------------------+----------------------------+------------------------------+
; Name                         ; CurrentState.STATE_ACCEPTED ; CurrentState.STATE_WAITING ; CurrentState.STATE_RECEIVING ;
+------------------------------+-----------------------------+----------------------------+------------------------------+
; CurrentState.STATE_RECEIVING ; 0                           ; 0                          ; 0                            ;
; CurrentState.STATE_WAITING   ; 0                           ; 1                          ; 1                            ;
; CurrentState.STATE_ACCEPTED  ; 1                           ; 0                          ; 1                            ;
+------------------------------+-----------------------------+----------------------------+------------------------------+


+------------------------------------------------------+
; General Register Statistics                          ;
+----------------------------------------------+-------+
; Statistic                                    ; Value ;
+----------------------------------------------+-------+
; Total registers                              ; 14    ;
; Number of registers using Synchronous Clear  ; 0     ;
; Number of registers using Synchronous Load   ; 0     ;
; Number of registers using Asynchronous Clear ; 14    ;
; Number of registers using Asynchronous Load  ; 0     ;
; Number of registers using Clock Enable       ; 5     ;
; Number of registers using Preset             ; 0     ;
+----------------------------------------------+-------+


+-------------------------------------------------------------------------------------------------------------------------------------------+
; Port Connectivity Checks: "SerialReceiver:USerialReceiver|SerialControl:USerialControl"                                                   ;
+------------+--------+----------+----------------------------------------------------------------------------------------------------------+
; Port       ; Type   ; Severity ; Details                                                                                                  ;
+------------+--------+----------+----------------------------------------------------------------------------------------------------------+
; busy       ; Output ; Warning  ; Declared by entity but not connected by instance. Logic that only feeds a dangling port will be removed. ;
; counterrst ; Output ; Warning  ; Declared by entity but not connected by instance. Logic that only feeds a dangling port will be removed. ;
+------------+--------+----------+----------------------------------------------------------------------------------------------------------+


+-----------------------------------------------------------------------------------------+
; Port Connectivity Checks: "SerialReceiver:USerialReceiver|shiftReg5:UshiftReg5|FFD:FF4" ;
+------+-------+----------+---------------------------------------------------------------+
; Port ; Type  ; Severity ; Details                                                       ;
+------+-------+----------+---------------------------------------------------------------+
; set  ; Input ; Info     ; Stuck at GND                                                  ;
+------+-------+----------+---------------------------------------------------------------+


+-----------------------------------------------------------------------------------------+
; Port Connectivity Checks: "SerialReceiver:USerialReceiver|shiftReg5:UshiftReg5|FFD:FF3" ;
+------+-------+----------+---------------------------------------------------------------+
; Port ; Type  ; Severity ; Details                                                       ;
+------+-------+----------+---------------------------------------------------------------+
; set  ; Input ; Info     ; Stuck at GND                                                  ;
+------+-------+----------+---------------------------------------------------------------+


+-----------------------------------------------------------------------------------------+
; Port Connectivity Checks: "SerialReceiver:USerialReceiver|shiftReg5:UshiftReg5|FFD:FF2" ;
+------+-------+----------+---------------------------------------------------------------+
; Port ; Type  ; Severity ; Details                                                       ;
+------+-------+----------+---------------------------------------------------------------+
; set  ; Input ; Info     ; Stuck at GND                                                  ;
+------+-------+----------+---------------------------------------------------------------+


+-----------------------------------------------------------------------------------------+
; Port Connectivity Checks: "SerialReceiver:USerialReceiver|shiftReg5:UshiftReg5|FFD:FF1" ;
+------+-------+----------+---------------------------------------------------------------+
; Port ; Type  ; Severity ; Details                                                       ;
+------+-------+----------+---------------------------------------------------------------+
; set  ; Input ; Info     ; Stuck at GND                                                  ;
+------+-------+----------+---------------------------------------------------------------+


+-----------------------------------------------------------------------------------------+
; Port Connectivity Checks: "SerialReceiver:USerialReceiver|shiftReg5:UshiftReg5|FFD:FF0" ;
+------+-------+----------+---------------------------------------------------------------+
; Port ; Type  ; Severity ; Details                                                       ;
+------+-------+----------+---------------------------------------------------------------+
; set  ; Input ; Info     ; Stuck at GND                                                  ;
+------+-------+----------+---------------------------------------------------------------+


+---------------------------------------------------------------------------------------------+
; Port Connectivity Checks: "SerialReceiver:USerialReceiver|ContadorUpDown3:UCounter|FFD:FF2" ;
+------+-------+----------+-------------------------------------------------------------------+
; Port ; Type  ; Severity ; Details                                                           ;
+------+-------+----------+-------------------------------------------------------------------+
; set  ; Input ; Info     ; Stuck at GND                                                      ;
; en   ; Input ; Info     ; Stuck at VCC                                                      ;
+------+-------+----------+-------------------------------------------------------------------+


+---------------------------------------------------------------------------------------------+
; Port Connectivity Checks: "SerialReceiver:USerialReceiver|ContadorUpDown3:UCounter|FFD:FF1" ;
+------+-------+----------+-------------------------------------------------------------------+
; Port ; Type  ; Severity ; Details                                                           ;
+------+-------+----------+-------------------------------------------------------------------+
; set  ; Input ; Info     ; Stuck at GND                                                      ;
; en   ; Input ; Info     ; Stuck at VCC                                                      ;
+------+-------+----------+-------------------------------------------------------------------+


+---------------------------------------------------------------------------------------------+
; Port Connectivity Checks: "SerialReceiver:USerialReceiver|ContadorUpDown3:UCounter|FFD:FF0" ;
+------+-------+----------+-------------------------------------------------------------------+
; Port ; Type  ; Severity ; Details                                                           ;
+------+-------+----------+-------------------------------------------------------------------+
; set  ; Input ; Info     ; Stuck at GND                                                      ;
; en   ; Input ; Info     ; Stuck at VCC                                                      ;
+------+-------+----------+-------------------------------------------------------------------+


+-----------------------------------------------------+
; Post-Synthesis Netlist Statistics for Top Partition ;
+-----------------------+-----------------------------+
; Type                  ; Count                       ;
+-----------------------+-----------------------------+
; boundary_port         ; 11                          ;
; cycloneiii_ff         ; 14                          ;
;     CLR               ; 9                           ;
;     ENA CLR           ; 5                           ;
; cycloneiii_lcell_comb ; 11                          ;
;     normal            ; 11                          ;
;         1 data inputs ; 1                           ;
;         2 data inputs ; 3                           ;
;         3 data inputs ; 4                           ;
;         4 data inputs ; 3                           ;
;                       ;                             ;
; Max LUT depth         ; 2.00                        ;
; Average LUT depth     ; 0.97                        ;
+-----------------------+-----------------------------+


+-------------------------------+
; Elapsed Time Per Partition    ;
+----------------+--------------+
; Partition Name ; Elapsed Time ;
+----------------+--------------+
; Top            ; 00:00:00     ;
+----------------+--------------+


+-------------------------------+
; Analysis & Synthesis Messages ;
+-------------------------------+
Info: *******************************************************************
Info: Running Quartus Prime Analysis & Synthesis
    Info: Version 19.1.0 Build 670 09/22/2019 SJ Lite Edition
    Info: Processing started: Fri May 26 18:01:34 2023
Info: Command: quartus_map --read_settings_files=on --write_settings_files=off SLCDC -c SLCDC
Warning (18236): Number of processors has not been specified which may cause overloading on shared machines.  Set the global assignment NUM_PARALLEL_PROCESSORS in your QSF to an appropriate value for best performance.
Info (20030): Parallel compilation is enabled and will use 16 of the 16 processors detected
Info (12021): Found 2 design units, including 1 entities, in source file /isel/lic/serial receiver/shiftreg5.vhd
    Info (12022): Found design unit 1: shiftReg5-logic File: C:/ISEL/LIC/Serial Receiver/shiftReg5.vhd Line: 14
    Info (12023): Found entity 1: shiftReg5 File: C:/ISEL/LIC/Serial Receiver/shiftReg5.vhd Line: 4
Info (12021): Found 2 design units, including 1 entities, in source file /isel/lic/serial receiver/serialreceiver.vhd
    Info (12022): Found design unit 1: SerialReceiver-logic File: C:/ISEL/LIC/Serial Receiver/SerialReceiver.vhd Line: 17
    Info (12023): Found entity 1: SerialReceiver File: C:/ISEL/LIC/Serial Receiver/SerialReceiver.vhd Line: 4
Info (12021): Found 2 design units, including 1 entities, in source file /isel/lic/serial receiver/serialcontrol.vhd
    Info (12022): Found design unit 1: SerialControl-behavioral File: C:/ISEL/LIC/Serial Receiver/SerialControl.vhd Line: 19
    Info (12023): Found entity 1: SerialControl File: C:/ISEL/LIC/Serial Receiver/SerialControl.vhd Line: 4
Info (12021): Found 2 design units, including 1 entities, in source file /isel/lic/serial receiver/ffd.vhd
    Info (12022): Found design unit 1: FFD-logicFunction File: C:/ISEL/LIC/Serial Receiver/FFD.vhd Line: 14
    Info (12023): Found entity 1: FFD File: C:/ISEL/LIC/Serial Receiver/FFD.vhd Line: 4
Info (12021): Found 2 design units, including 1 entities, in source file /isel/lic/serial receiver/counterupdown3.vhd
    Info (12022): Found design unit 1: ContadorUpDown3-logic File: C:/ISEL/LIC/Serial Receiver/CounterUpDown3.vhd Line: 16
    Info (12023): Found entity 1: ContadorUpDown3 File: C:/ISEL/LIC/Serial Receiver/CounterUpDown3.vhd Line: 4
Info (12021): Found 2 design units, including 1 entities, in source file /isel/lic/dispatcher/dispatcher.vhd
    Info (12022): Found design unit 1: Dispatcher-behavioral File: C:/ISEL/LIC/Dispatcher/Dispatcher.vhd Line: 16
    Info (12023): Found entity 1: Dispatcher File: C:/ISEL/LIC/Dispatcher/Dispatcher.vhd Line: 4
Info (12021): Found 2 design units, including 1 entities, in source file slcdc.vhd
    Info (12022): Found design unit 1: SLCDC-logic File: C:/ISEL/LIC/SLCDC/SLCDC.vhd Line: 16
    Info (12023): Found entity 1: SLCDC File: C:/ISEL/LIC/SLCDC/SLCDC.vhd Line: 4
Info (12021): Found 2 design units, including 1 entities, in source file slcdc_tb.vhd
    Info (12022): Found design unit 1: SLCDC_tb-behavioral File: C:/ISEL/LIC/SLCDC/SLCDC_tb.vhd Line: 7
    Info (12023): Found entity 1: SLCDC_tb File: C:/ISEL/LIC/SLCDC/SLCDC_tb.vhd Line: 4
Info (12127): Elaborating entity "SLCDC" for the top level hierarchy
Info (12128): Elaborating entity "SerialReceiver" for hierarchy "SerialReceiver:USerialReceiver" File: C:/ISEL/LIC/SLCDC/SLCDC.vhd Line: 46
Info (12128): Elaborating entity "ContadorUpDown3" for hierarchy "SerialReceiver:USerialReceiver|ContadorUpDown3:UCounter" File: C:/ISEL/LIC/Serial Receiver/SerialReceiver.vhd Line: 53
Info (12128): Elaborating entity "FFD" for hierarchy "SerialReceiver:USerialReceiver|ContadorUpDown3:UCounter|FFD:FF0" File: C:/ISEL/LIC/Serial Receiver/CounterUpDown3.vhd Line: 34
Info (12128): Elaborating entity "shiftReg5" for hierarchy "SerialReceiver:USerialReceiver|shiftReg5:UshiftReg5" File: C:/ISEL/LIC/Serial Receiver/SerialReceiver.vhd Line: 60
Info (12128): Elaborating entity "SerialControl" for hierarchy "SerialReceiver:USerialReceiver|SerialControl:USerialControl" File: C:/ISEL/LIC/Serial Receiver/SerialReceiver.vhd Line: 68
Info (12128): Elaborating entity "Dispatcher" for hierarchy "Dispatcher:UDispatcher" File: C:/ISEL/LIC/SLCDC/SLCDC.vhd Line: 57
Warning (12241): 1 hierarchies have connectivity warnings - see the Connectivity Checks report folder
Info (286030): Timing-Driven Synthesis is running
Info (16010): Generating hard_block partition "hard_block:auto_generated_inst"
    Info (16011): Adding 0 node(s), including 0 DDIO, 0 PLL, 0 transceiver and 0 LCELL
Info (21057): Implemented 27 device resources after synthesis - the final resource count might be different
    Info (21058): Implemented 5 input pins
    Info (21059): Implemented 6 output pins
    Info (21061): Implemented 16 logic cells
Info: Quartus Prime Analysis & Synthesis was successful. 0 errors, 2 warnings
    Info: Peak virtual memory: 4853 megabytes
    Info: Processing ended: Fri May 26 18:01:50 2023
    Info: Elapsed time: 00:00:16
    Info: Total CPU time (on all processors): 00:00:10


